<?xml version="1.0" encoding="UTF-8"?>
<!-- Generated by org.testng.reporters.JUnitXMLReporter -->
<testsuite ignored="0" hostname="DESKTOP-DA4AKM5" failures="0" tests="4" name="Default test" time="63.186" errors="0" timestamp="2022-02-14T20:52:37 IST">
  <testcase classname="project.website" name="a" time="9.619"/>
  <testcase classname="project.website" name="b" time="16.013"/>
  <testcase classname="project.website" name="c" time="5.556"/>
  <testcase classname="project.website" name="d" time="3.099"/>
</testsuite> <!-- Default test -->
