<?xml version="1.0" encoding="UTF-8"?>
<testng-results ignored="0" total="4" passed="4" failed="0" skipped="0">
  <reporter-output>
  </reporter-output>
  <suite started-at="2022-02-14T20:51:33 IST" name="Default suite" finished-at="2022-02-14T20:52:37 IST" duration-ms="63186">
    <groups>
    </groups>
    <test started-at="2022-02-14T20:51:33 IST" name="Default test" finished-at="2022-02-14T20:52:37 IST" duration-ms="63186">
      <class name="project.website">
        <test-method is-config="true" signature="beforeClass()[pri:0, instance:project.website@6da21078]" started-at="2022-02-14T20:51:33 IST" name="beforeClass" finished-at="2022-02-14T20:52:02 IST" duration-ms="28757" status="PASS">
          <reporter-output>
          </reporter-output>
        </test-method> <!-- beforeClass -->
        <test-method signature="a()[pri:0, instance:project.website@6da21078]" started-at="2022-02-14T20:52:02 IST" name="a" finished-at="2022-02-14T20:52:12 IST" duration-ms="9619" status="PASS">
          <reporter-output>
          </reporter-output>
        </test-method> <!-- a -->
        <test-method signature="b()[pri:1, instance:project.website@6da21078]" started-at="2022-02-14T20:52:12 IST" name="b" finished-at="2022-02-14T20:52:28 IST" duration-ms="16013" status="PASS">
          <reporter-output>
          </reporter-output>
        </test-method> <!-- b -->
        <test-method signature="c()[pri:2, instance:project.website@6da21078]" started-at="2022-02-14T20:52:28 IST" name="c" finished-at="2022-02-14T20:52:33 IST" duration-ms="5556" status="PASS">
          <reporter-output>
          </reporter-output>
        </test-method> <!-- c -->
        <test-method signature="d()[pri:3, instance:project.website@6da21078]" started-at="2022-02-14T20:52:33 IST" name="d" finished-at="2022-02-14T20:52:37 IST" duration-ms="3099" status="PASS">
          <reporter-output>
          </reporter-output>
        </test-method> <!-- d -->
        <test-method is-config="true" signature="afterClass()[pri:0, instance:project.website@6da21078]" started-at="2022-02-14T20:52:37 IST" name="afterClass" finished-at="2022-02-14T20:52:37 IST" duration-ms="1" status="PASS">
          <reporter-output>
          </reporter-output>
        </test-method> <!-- afterClass -->
      </class> <!-- project.website -->
    </test> <!-- Default test -->
  </suite> <!-- Default suite -->
</testng-results>
