<?xml version="1.0" encoding="UTF-8"?>
<!-- Generated by org.testng.reporters.JUnitXMLReporter -->
<testsuite ignored="4" hostname="DESKTOP-DA4AKM5" failures="0" tests="0" time="0.016" errors="0" timestamp="2022-02-14T20:20:39 IST">
  <testcase classname="project.website" name="c" time="0.0">
    <ignored/>
  </testcase> <!-- c -->
  <testcase classname="project.website" name="a" time="0.0">
    <ignored/>
  </testcase> <!-- a -->
  <testcase classname="project.website" name="d" time="0.0">
    <ignored/>
  </testcase> <!-- d -->
  <testcase classname="project.website" name="b" time="0.0">
    <ignored/>
  </testcase> <!-- b -->
</testsuite>
